<?xml version="1.0" encoding="UTF-8"?>
<!-- Generated by org.testng.reporters.JUnitReportReporter -->
<testsuite skipped="0" hostname="DESKTOP-SPVLKA9" name="com.demos.OAuth2_0Demo" tests="2" failures="0" timestamp="19 Aug 2020 15:03:28 GMT" time="6.883" errors="0">
  <testcase name="getAccessToken" time="4.829" classname="com.demos.OAuth2_0Demo"/>
  <testcase name="getCourseList" time="2.054" classname="com.demos.OAuth2_0Demo"/>
</testsuite> <!-- com.demos.OAuth2_0Demo -->
