<?xml version="1.0" encoding="UTF-8"?>
<!-- Generated by org.testng.reporters.JUnitReportReporter -->
<testsuite skipped="0" hostname="DESKTOP-SPVLKA9" name="com.demos.CutOverAPI" tests="1" failures="0" timestamp="12 Sep 2020 13:31:31 GMT" time="4.636" errors="0">
  <testcase name="getProdAccessToken" time="4.636" classname="com.demos.CutOverAPI"/>
</testsuite> <!-- com.demos.CutOverAPI -->
