<?xml version="1.0" encoding="UTF-8"?>
<!-- Generated by org.testng.reporters.JUnitReportReporter -->
<testsuite skipped="0" hostname="DESKTOP-SPVLKA9" name="com.demos.SpecBuilder" tests="1" failures="0" timestamp="20 Aug 2020 14:11:33 GMT" time="4.995" errors="0">
  <testcase name="addPlaceWithSpecBuild" time="4.995" classname="com.demos.SpecBuilder"/>
</testsuite> <!-- com.demos.SpecBuilder -->
