<?xml version="1.0" encoding="UTF-8"?>
<!-- Generated by org.testng.reporters.JUnitReportReporter -->
<testsuite skipped="2" hostname="DESKTOP-SPVLKA9" name="com.places.DynamicJsonDemo" tests="3" failures="0" timestamp="14 Aug 2020 16:12:57 GMT" time="2.887" errors="0">
  <testcase name="addBookTypeThree" time="2.887" classname="com.places.DynamicJsonDemo"/>
  <testcase name="addBookTypeTwo" classname="com.places.DynamicJsonDemo">
    <skipped/>
  </testcase> <!-- addBookTypeTwo -->
  <testcase name="addBookTypeOne" classname="com.places.DynamicJsonDemo">
    <skipped/>
  </testcase> <!-- addBookTypeOne -->
</testsuite> <!-- com.places.DynamicJsonDemo -->
