<?xml version="1.0" encoding="UTF-8"?>
<!-- Generated by org.testng.reporters.JUnitReportReporter -->
<testsuite skipped="0" hostname="DESKTOP-SPVLKA9" name="com.places.OAuth2_0Demo" tests="2" failures="0" timestamp="18 Aug 2020 14:57:37 GMT" time="4.130" errors="0">
  <testcase name="getAccessToken" time="3.374" classname="com.places.OAuth2_0Demo"/>
  <testcase name="getCourseList" time="0.756" classname="com.places.OAuth2_0Demo"/>
</testsuite> <!-- com.places.OAuth2_0Demo -->
