<?xml version="1.0" encoding="UTF-8"?>
<!-- Generated by org.testng.reporters.JUnitReportReporter -->
<testsuite skipped="3" hostname="DESKTOP-SPVLKA9" name="com.places.JiraAPIDemo" tests="5" failures="0" timestamp="16 Aug 2020 08:15:48 GMT" time="0.492" errors="0">
  <testcase name="addCommentToIssue" time="0.259" classname="com.places.JiraAPIDemo"/>
  <testcase name="getIssueDetails" time="0.233" classname="com.places.JiraAPIDemo"/>
  <testcase name="createIssue" classname="com.places.JiraAPIDemo">
    <skipped/>
  </testcase> <!-- createIssue -->
  <testcase name="updateCommentToIssue" classname="com.places.JiraAPIDemo">
    <skipped/>
  </testcase> <!-- updateCommentToIssue -->
  <testcase name="addAttachmentToIssue" classname="com.places.JiraAPIDemo">
    <skipped/>
  </testcase> <!-- addAttachmentToIssue -->
</testsuite> <!-- com.places.JiraAPIDemo -->
